#
# A fatal error has been detected by the Java Runtime Environment:
#
#  Internal Error (javaClasses.cpp:129), pid=6048, tid=4300
#  fatal error: Invalid layout of preloaded class
#
# JRE version: 7.0_15-b03
# Java VM: Java HotSpot(TM) Client VM (23.7-b01 mixed mode windows-x86 )
# Failed to write core dump. Minidumps are not enabled by default on client versions of Windows
#
# If you would like to submit a bug report, please visit:
#   http://bugreport.sun.com/bugreport/crash.jsp
#

---------------  T H R E A D  ---------------

Current thread (0x00b8ac00):  JavaThread "Unknown thread" [_thread_in_vm, id=4300, stack(0x00310000,0x00360000)]

Stack: [0x00310000,0x00360000],  sp=0x0035f8a0,  free space=318k
Native frames: (J=compiled Java code, j=interpreted, Vv=VM code, C=native code)
V  [jvm.dll+0x16f261]
V  [jvm.dll+0x1693d6]
V  [jvm.dll+0x2079f]
V  [jvm.dll+0x20826]
V  [jvm.dll+0x2e5bd]
V  [jvm.dll+0x2e869]
V  [jvm.dll+0x77ba1]
V  [jvm.dll+0x77f5b]
V  [jvm.dll+0x1290e1]
V  [jvm.dll+0x149b3a]
V  [jvm.dll+0xa98df]
C  [javaw.exe+0x13ca]
C  [javaw.exe+0x1e3c]
C  [javaw.exe+0xa5a1]
C  [javaw.exe+0xa62b]
C  [kernel32.dll+0x4ed6c]  BaseThreadInitThunk+0x12
C  [ntdll.dll+0x6377b]  RtlInitializeExceptionChain+0xef
C  [ntdll.dll+0x6374e]  RtlInitializeExceptionChain+0xc2


---------------  P R O C E S S  ---------------

Java Threads: ( => current thread )

Other Threads:

=>0x00b8ac00 (exited) JavaThread "Unknown thread" [_thread_in_vm, id=4300, stack(0x00310000,0x00360000)]

VM state:not at safepoint (not fully initialized)

VM Mutex/Monitor currently owned by a thread: None

GC Heap History (0 events):
No events

Deoptimization events (0 events):
No events

Internal exceptions (0 events):
No events

Events (10 events):
Event: 0.029 loading class 0x00ba6a50 done
Event: 0.030 loading class 0x00ba6098 done
Event: 0.030 loading class 0x00ba6070
Event: 0.030 loading class 0x00c1b2a0
Event: 0.030 loading class 0x00c1b2a0 done
Event: 0.030 loading class 0x00c1b2d8
Event: 0.030 loading class 0x00c1b2d8 done
Event: 0.030 loading class 0x00c10578
Event: 0.030 loading class 0x00c10578 done
Event: 0.031 loading class 0x00ba6070 done


Dynamic libraries:
0x00e30000 - 0x00e5f000 	C:\Program Files\Java\jre7\bin\javaw.exe
0x776c0000 - 0x777fc000 	C:\Windows\SYSTEM32\ntdll.dll
0x773c0000 - 0x77494000 	C:\Windows\system32\kernel32.dll
0x75b00000 - 0x75b4b000 	C:\Windows\system32\KERNELBASE.dll
0x774a0000 - 0x77540000 	C:\Windows\system32\ADVAPI32.dll
0x77570000 - 0x7761c000 	C:\Windows\system32\msvcrt.dll
0x77390000 - 0x773a9000 	C:\Windows\SYSTEM32\sechost.dll
0x76640000 - 0x766e1000 	C:\Windows\system32\RPCRT4.dll
0x77820000 - 0x778e9000 	C:\Windows\system32\USER32.dll
0x766f0000 - 0x7673e000 	C:\Windows\system32\GDI32.dll
0x773b0000 - 0x773ba000 	C:\Windows\system32\LPK.dll
0x77620000 - 0x776bd000 	C:\Windows\system32\USP10.dll
0x74740000 - 0x748de000 	C:\Windows\WinSxS\x86_microsoft.windows.common-controls_6595b64144ccf1df_6.0.7601.17514_none_41e6975e2bd6f2b2\COMCTL32.dll
0x76340000 - 0x76397000 	C:\Windows\system32\SHLWAPI.dll
0x765e0000 - 0x765ff000 	C:\Windows\system32\IMM32.DLL
0x75d40000 - 0x75e0c000 	C:\Windows\system32\MSCTF.dll
0x63e10000 - 0x63ece000 	C:\Program Files\Java\jre7\bin\msvcr100.dll
0x5fa10000 - 0x5fd5c000 	C:\Program Files\Java\jre7\bin\client\jvm.dll
0x70480000 - 0x70487000 	C:\Windows\system32\WSOCK32.dll
0x76600000 - 0x76635000 	C:\Windows\system32\WS2_32.dll
0x77800000 - 0x77806000 	C:\Windows\system32\NSI.dll
0x73b40000 - 0x73b72000 	C:\Windows\system32\WINMM.dll
0x76540000 - 0x76545000 	C:\Windows\system32\PSAPI.DLL
0x73100000 - 0x7310c000 	C:\Program Files\Java\jre7\bin\verify.dll
0x6ddf0000 - 0x6de10000 	C:\Program Files\Java\jre7\bin\java.dll
0x63f70000 - 0x63f83000 	C:\Program Files\Java\jre7\bin\zip.dll
0x70390000 - 0x7047b000 	C:\Windows\system32\dbghelp.dll

VM Arguments:
jvm_args: -Dfile.encoding=Cp1253 -Xbootclasspath:C:\Users\Agapi\adt-bundle-windows-x86-20130219\sdk\platforms\android-17\android.jar 
java_command: org.eclipse.jdt.internal.junit.runner.RemoteTestRunner -version 3 -port 55931 -testLoaderClass org.eclipse.jdt.internal.junit.runner.junit3.JUnit3TestLoader -loaderpluginname org.eclipse.jdt.junit.runtime -classNames EventControllerTest
Launcher Type: SUN_STANDARD

Environment Variables:
PATH=C:/Program Files/Java/jre7/bin/client;C:/Program Files/Java/jre7/bin;C:/Program Files/Java/jre7/lib/i386;C:\Program Files\NVIDIA Corporation\PhysX\Common;C:\Windows\system32;C:\Windows;C:\Windows\System32\Wbem;C:\Windows\System32\WindowsPowerShell\v1.0\;C:\Program Files\MATLAB\R2011a\runtime\win32;C:\Program Files\MATLAB\R2011a\bin;C:\Program Files\TortoiseSVN\bin;C:\Program Files\Java\jdk1.7.0_15\bin;C:\Users\Agapi\adt-bundle-windows-x86-20130219\eclipse;
USERNAME=Agapi
OS=Windows_NT
PROCESSOR_IDENTIFIER=x86 Family 15 Model 4 Stepping 3, GenuineIntel



---------------  S Y S T E M  ---------------

OS: Windows 7 Build 7601 Service Pack 1

CPU:total 2 (1 cores per cpu, 2 threads per core) family 15 model 4 stepping 3, cmov, cx8, fxsr, mmx, sse, sse2, sse3, ht, tsc

Memory: 4k page, physical 2882040k(1065748k free), swap 5762328k(3209488k free)

vm_info: Java HotSpot(TM) Client VM (23.7-b01) for windows-x86 JRE (1.7.0_15-b03), built on Feb 15 2013 14:01:25 by "java_re" with unknown MS VC++:1600

time: Tue May 28 00:44:22 2013
elapsed time: 0 seconds

