#
# A fatal error has been detected by the Java Runtime Environment:
#
#  Internal Error (javaClasses.cpp:129), pid=7216, tid=6720
#  fatal error: Invalid layout of preloaded class
#
# JRE version: 7.0_09-b05
# Java VM: Java HotSpot(TM) 64-Bit Server VM (23.5-b02 mixed mode windows-amd64 compressed oops)
# Failed to write core dump. Minidumps are not enabled by default on client versions of Windows
#
# If you would like to submit a bug report, please visit:
#   http://bugreport.sun.com/bugreport/crash.jsp
#

---------------  T H R E A D  ---------------

Current thread (0x000000000250d000):  JavaThread "Unknown thread" [_thread_in_vm, id=6720, stack(0x0000000002740000,0x0000000002840000)]

Stack: [0x0000000002740000,0x0000000002840000]

---------------  P R O C E S S  ---------------

Java Threads: ( => current thread )

Other Threads:

=>0x000000000250d000 (exited) JavaThread "Unknown thread" [_thread_in_vm, id=6720, stack(0x0000000002740000,0x0000000002840000)]

VM state:not at safepoint (not fully initialized)

VM Mutex/Monitor currently owned by a thread: None

GC Heap History (0 events):
No events

Deoptimization events (0 events):
No events

Internal exceptions (0 events):
No events

Events (10 events):
Event: 0.012 loading class 0x00000000024994b0 done
Event: 0.013 loading class 0x0000000002453020 done
Event: 0.013 loading class 0x0000000002452ff0
Event: 0.013 loading class 0x00000000024a6110
Event: 0.013 loading class 0x00000000024a6110 done
Event: 0.013 loading class 0x00000000024a6150
Event: 0.013 loading class 0x00000000024a6150 done
Event: 0.013 loading class 0x000000000bfac260
Event: 0.013 loading class 0x000000000bfac260 done
Event: 0.013 loading class 0x0000000002452ff0 done


Dynamic libraries:
0x000000013fd80000 - 0x000000013fdb4000 	C:\Program Files\Java\jre7\bin\javaw.exe
0x00000000777b0000 - 0x0000000077959000 	C:\Windows\SYSTEM32\ntdll.dll
0x0000000077590000 - 0x00000000776af000 	C:\Windows\system32\kernel32.dll
0x000007fefd950000 - 0x000007fefd9bb000 	C:\Windows\system32\KERNELBASE.dll
0x000007fefeab0000 - 0x000007fefeb8b000 	C:\Windows\system32\ADVAPI32.dll
0x000007fefe440000 - 0x000007fefe4df000 	C:\Windows\system32\msvcrt.dll
0x000007fefe420000 - 0x000007fefe43f000 	C:\Windows\SYSTEM32\sechost.dll
0x000007fefdba0000 - 0x000007fefdccd000 	C:\Windows\system32\RPCRT4.dll
0x00000000776b0000 - 0x00000000777aa000 	C:\Windows\system32\USER32.dll
0x000007fefe4e0000 - 0x000007fefe547000 	C:\Windows\system32\GDI32.dll
0x000007feffa00000 - 0x000007feffa0e000 	C:\Windows\system32\LPK.dll
0x000007fefe550000 - 0x000007fefe619000 	C:\Windows\system32\USP10.dll
0x000007fefc090000 - 0x000007fefc284000 	C:\Windows\WinSxS\amd64_microsoft.windows.common-controls_6595b64144ccf1df_6.0.7601.17514_none_fa396087175ac9ac\COMCTL32.dll
0x000007feff980000 - 0x000007feff9f1000 	C:\Windows\system32\SHLWAPI.dll
0x000007feffa10000 - 0x000007feffa3e000 	C:\Windows\system32\IMM32.DLL
0x000007fefe950000 - 0x000007fefea59000 	C:\Windows\system32\MSCTF.dll
0x0000000180000000 - 0x0000000180064000 	C:\Windows\system32\guard64.dll
0x000007fefd570000 - 0x000007fefd579000 	C:\Windows\system32\fltlib.dll
0x0000000057610000 - 0x00000000576e1000 	C:\Program Files\Java\jre7\bin\msvcr100.dll
0x000000006dd40000 - 0x000000006e45f000 	C:\Program Files\Java\jre7\bin\server\jvm.dll
0x000007fef2d90000 - 0x000007fef2d99000 	C:\Windows\system32\WSOCK32.dll
0x000007fefea60000 - 0x000007fefeaad000 	C:\Windows\system32\WS2_32.dll
0x000007fefe370000 - 0x000007fefe378000 	C:\Windows\system32\NSI.dll
0x000007fefbd30000 - 0x000007fefbd6b000 	C:\Windows\system32\WINMM.dll
0x0000000077970000 - 0x0000000077977000 	C:\Windows\system32\PSAPI.DLL
0x000000006b840000 - 0x000000006b84f000 	C:\Program Files\Java\jre7\bin\verify.dll
0x000000006b0d0000 - 0x000000006b0f8000 	C:\Program Files\Java\jre7\bin\java.dll
0x000000006b010000 - 0x000000006b025000 	C:\Program Files\Java\jre7\bin\zip.dll

VM Arguments:
jvm_args: -Dfile.encoding=Cp1253 -Xbootclasspath:D:\Users\Slena\Desktop\adt-bundle-windows-x86_64-20130219\sdk\platforms\android-17\android.jar 
java_command: org.eclipse.jdt.internal.junit.runner.RemoteTestRunner -version 3 -port 61662 -testLoaderClass org.eclipse.jdt.internal.junit4.runner.JUnit4TestLoader -loaderpluginname org.eclipse.jdt.junit4.runtime -classNames com.calerem.tests.FincontactsTest2
Launcher Type: SUN_STANDARD

Environment Variables:
JAVA_HOME=C:\Progra~1\Java\jdk1.7.0_09
CLASSPATH=.;C:\Program Files\Java\jre7\lib\ext\QTJava.zip;C:\Program Files (x86)\Java\jre7\lib\ext\QTJava.zip;JUNIT_HOME\junit-4.11.jar
PATH=C:\Program Files (x86)\Embarcadero\RAD Studio\7.0\bin;C:\Users\Public\Documents\RAD Studio\7.0\Bpl;C:\Program Files (x86)\NVIDIA Corporation\PhysX\Common;C:\Windows\system32;C:\Windows;C:\Windows\System32\Wbem;C:\Windows\System32\WindowsPowerShell\v1.0\;C:\Program Files (x86)\Common Files\Roxio Shared\DLLShared\;C:\Program Files (x86)\Common Files\Roxio Shared\DLLShared\;C:\Program Files (x86)\Common Files\Roxio Shared\13.0\DLLShared\;C:\Program Files (x86)\Microsoft SQL Server\100\Tools\Binn\;C:\Program Files\Microsoft SQL Server\100\Tools\Binn\;C:\Program Files\Microsoft SQL Server\100\DTS\Binn\;C:\Program Files (x86)\Microsoft SQL Server\100\Tools\Binn\VSShell\Common7\IDE\;C:\Program Files (x86)\Microsoft Visual Studio 9.0\Common7\IDE\PrivateAssemblies\;C:\Program Files (x86)\Microsoft SQL Server\100\DTS\Binn\;C:\Program Files\MATLAB\R2010b\runtime\win64;C:\Program Files\MATLAB\R2010b\bin;C:\Java\ant\bin;C:\Progra~1\Java\jdk1.7.0_09\jre\bin;C:\Program Files\Svn\bin;C:\Program Files (x86)\QuickTime\QTSystem\;C:\Program Files\TortoiseSVN\bin
USERNAME=Slena
OS=Windows_NT
PROCESSOR_IDENTIFIER=AMD64 Family 21 Model 1 Stepping 2, AuthenticAMD



---------------  S Y S T E M  ---------------

OS: Windows 7 , 64 bit Build 7601 Service Pack 1

CPU:total 8 (8 cores per cpu, 1 threads per core) family 21 model 1 stepping 2, cmov, cx8, fxsr, mmx, sse, sse2, sse3, ssse3, sse4.1, sse4.2, popcnt, avx, mmxext, 3dnowpref, lzcnt, sse4a, tsc, tscinvbit, tscinv

Memory: 4k page, physical 8371440k(2700736k free), swap 16741024k(8123168k free)

vm_info: Java HotSpot(TM) 64-Bit Server VM (23.5-b02) for windows-amd64 JRE (1.7.0_09-b05), built on Sep 24 2012 21:45:04 by "java_re" with unknown MS VC++:1600

time: Mon Apr 22 04:25:06 2013
elapsed time: 0 seconds

